[0906/091200.912:ERROR:process_reader_win.cc(127)] NtOpenThread: {Access Denied} A process has requested access to an object, but has not been granted those access rights. (0xc0000022)
[0906/091200.943:ERROR:exception_snapshot_win.cc(100)] thread ID 18588 not found in process
[0906/091200.959:ERROR:process_reader_win.cc(127)] NtOpenThread: {Access Denied} A process has requested access to an object, but has not been granted those access rights. (0xc0000022)
[0906/091200.959:ERROR:exception_snapshot_win.cc(100)] thread ID 13448 not found in process
[1017/220243.474:ERROR:settings.cc(430)] Settings version is not 5
[1017/221243.620:ERROR:filesystem_win.cc(129)] GetFileAttributes C:\Users\taolp\AppData\Local\Microsoft\Edge\User Data\Crashpad\attachments\03f01ca9-1d0f-4603-a8d0-43a47992bd87: The system cannot find the path specified. (0x3)
[1017/221243.625:ERROR:filesystem_win.cc(129)] GetFileAttributes C:\Users\taolp\AppData\Local\Microsoft\Edge\User Data\Crashpad\attachments\0f924aac-daba-4399-8e21-779a35fea5e5: The system cannot find the path specified. (0x3)
[1017/221243.626:ERROR:filesystem_win.cc(129)] GetFileAttributes C:\Users\taolp\AppData\Local\Microsoft\Edge\User Data\Crashpad\attachments\154f3717-73c2-449b-9103-01087f58e187: The system cannot find the path specified. (0x3)
[1017/221243.628:ERROR:filesystem_win.cc(129)] GetFileAttributes C:\Users\taolp\AppData\Local\Microsoft\Edge\User Data\Crashpad\attachments\22086068-397f-4ee5-b875-5b1eeba50ce6: The system cannot find the path specified. (0x3)
[1017/221243.630:ERROR:filesystem_win.cc(129)] GetFileAttributes C:\Users\taolp\AppData\Local\Microsoft\Edge\User Data\Crashpad\attachments\25cd0129-c980-4208-8930-6d0b5b49d872: The system cannot find the path specified. (0x3)
[1017/221243.632:ERROR:filesystem_win.cc(129)] GetFileAttributes C:\Users\taolp\AppData\Local\Microsoft\Edge\User Data\Crashpad\attachments\28b3c294-f039-4504-aaea-056d93f85f16: The system cannot find the path specified. (0x3)
[1017/221243.635:ERROR:filesystem_win.cc(129)] GetFileAttributes C:\Users\taolp\AppData\Local\Microsoft\Edge\User Data\Crashpad\attachments\36ecc1bd-bc81-4eca-9f48-9f22481df2c2: The system cannot find the path specified. (0x3)
[1017/221243.636:ERROR:filesystem_win.cc(129)] GetFileAttributes C:\Users\taolp\AppData\Local\Microsoft\Edge\User Data\Crashpad\attachments\4744fec1-b93d-4311-9d1e-a229d95e53ef: The system cannot find the path specified. (0x3)
[1017/221243.641:ERROR:filesystem_win.cc(129)] GetFileAttributes C:\Users\taolp\AppData\Local\Microsoft\Edge\User Data\Crashpad\attachments\54390c79-5f37-465d-be81-7e8abaf2ebb9: The system cannot find the path specified. (0x3)
[1017/221243.641:ERROR:filesystem_win.cc(129)] GetFileAttributes C:\Users\taolp\AppData\Local\Microsoft\Edge\User Data\Crashpad\attachments\5458210b-b8a1-4c98-9f1f-ebe8f2650332: The system cannot find the path specified. (0x3)
[1017/221243.645:ERROR:filesystem_win.cc(129)] GetFileAttributes C:\Users\taolp\AppData\Local\Microsoft\Edge\User Data\Crashpad\attachments\55ffbee9-1836-4c5c-a320-8589263bd0ec: The system cannot find the path specified. (0x3)
[1017/221243.648:ERROR:filesystem_win.cc(129)] GetFileAttributes C:\Users\taolp\AppData\Local\Microsoft\Edge\User Data\Crashpad\attachments\5998c25e-0cfc-412d-95d9-128b79febccb: The system cannot find the path specified. (0x3)
[1017/221243.655:ERROR:filesystem_win.cc(129)] GetFileAttributes C:\Users\taolp\AppData\Local\Microsoft\Edge\User Data\Crashpad\attachments\6531c115-7552-4a30-8075-f0933859daf1: The system cannot find the path specified. (0x3)
[1017/221243.657:ERROR:filesystem_win.cc(129)] GetFileAttributes C:\Users\taolp\AppData\Local\Microsoft\Edge\User Data\Crashpad\attachments\6bf65401-815e-46f3-b777-fdb0fa01c4c4: The system cannot find the path specified. (0x3)
[1017/221243.659:ERROR:filesystem_win.cc(129)] GetFileAttributes C:\Users\taolp\AppData\Local\Microsoft\Edge\User Data\Crashpad\attachments\7352c74f-e745-4936-bb26-a1602385ffda: The system cannot find the path specified. (0x3)
[1017/221243.660:ERROR:filesystem_win.cc(129)] GetFileAttributes C:\Users\taolp\AppData\Local\Microsoft\Edge\User Data\Crashpad\attachments\8e8472dd-e6c8-415b-b38f-a4c103b02b8b: The system cannot find the path specified. (0x3)
[1017/221243.663:ERROR:filesystem_win.cc(129)] GetFileAttributes C:\Users\taolp\AppData\Local\Microsoft\Edge\User Data\Crashpad\attachments\985e40b6-076b-40ce-a3e0-79abdf20c425: The system cannot find the path specified. (0x3)
[1017/221243.665:ERROR:filesystem_win.cc(129)] GetFileAttributes C:\Users\taolp\AppData\Local\Microsoft\Edge\User Data\Crashpad\attachments\9a7b3ecd-d474-495e-98b8-f056045250e2: The system cannot find the path specified. (0x3)
[1017/221243.666:ERROR:filesystem_win.cc(129)] GetFileAttributes C:\Users\taolp\AppData\Local\Microsoft\Edge\User Data\Crashpad\attachments\a1d2197e-6f4f-49b9-8b2b-c94c344cdfb2: The system cannot find the path specified. (0x3)
[1017/221243.668:ERROR:filesystem_win.cc(129)] GetFileAttributes C:\Users\taolp\AppData\Local\Microsoft\Edge\User Data\Crashpad\attachments\a71d1809-f6aa-453e-88ed-ffef65771974: The system cannot find the path specified. (0x3)
[1017/221243.669:ERROR:filesystem_win.cc(129)] GetFileAttributes C:\Users\taolp\AppData\Local\Microsoft\Edge\User Data\Crashpad\attachments\ab45fd68-4ed3-4668-89d8-8bf890597442: The system cannot find the path specified. (0x3)
[1017/221243.671:ERROR:filesystem_win.cc(129)] GetFileAttributes C:\Users\taolp\AppData\Local\Microsoft\Edge\User Data\Crashpad\attachments\b91107c0-c099-4f4a-bf98-382c9021f90a: The system cannot find the path specified. (0x3)
[1017/221243.672:ERROR:filesystem_win.cc(129)] GetFileAttributes C:\Users\taolp\AppData\Local\Microsoft\Edge\User Data\Crashpad\attachments\cb58dc5c-b949-403b-81a4-40565e29dae9: The system cannot find the path specified. (0x3)
[1017/221243.673:ERROR:filesystem_win.cc(129)] GetFileAttributes C:\Users\taolp\AppData\Local\Microsoft\Edge\User Data\Crashpad\attachments\d2093e9b-482d-41e0-8699-06e460ef5c07: The system cannot find the path specified. (0x3)
[1017/221243.674:ERROR:filesystem_win.cc(129)] GetFileAttributes C:\Users\taolp\AppData\Local\Microsoft\Edge\User Data\Crashpad\attachments\d602918a-1bc2-4190-b493-f0aba064c474: The system cannot find the path specified. (0x3)
[1017/221243.675:ERROR:filesystem_win.cc(129)] GetFileAttributes C:\Users\taolp\AppData\Local\Microsoft\Edge\User Data\Crashpad\attachments\d9878b48-e62b-47ba-bd26-329ca4bea6df: The system cannot find the path specified. (0x3)
[1017/221243.677:ERROR:filesystem_win.cc(129)] GetFileAttributes C:\Users\taolp\AppData\Local\Microsoft\Edge\User Data\Crashpad\attachments\e6ea01c5-f652-45e6-a776-2e58b9131fb2: The system cannot find the path specified. (0x3)
[1017/221243.680:ERROR:filesystem_win.cc(129)] GetFileAttributes C:\Users\taolp\AppData\Local\Microsoft\Edge\User Data\Crashpad\attachments\e7cd5b36-2c90-4a47-9a6c-eca74f352b27: The system cannot find the path specified. (0x3)
[1017/221243.683:ERROR:filesystem_win.cc(129)] GetFileAttributes C:\Users\taolp\AppData\Local\Microsoft\Edge\User Data\Crashpad\attachments\eb247039-c604-4349-8f40-f8c6367ae5d4: The system cannot find the path specified. (0x3)
[1017/221243.686:ERROR:filesystem_win.cc(129)] GetFileAttributes C:\Users\taolp\AppData\Local\Microsoft\Edge\User Data\Crashpad\attachments\f35d6f7d-cee0-4c78-8f0b-ff38a94e8b7a: The system cannot find the path specified. (0x3)
[1017/221243.686:ERROR:directory_reader_win.cc(43)] FindFirstFile: The system cannot find the path specified. (0x3)
